<<<<<<< HEAD
[17128:3500:0206/154322.869:WARNING:chrome_main_delegate.cc(745)] This is Chrome version 128.0.6613.138 (not a warning)
[17128:13564:0206/154322.956:ERROR:google_update_settings.cc(265)] Failed opening key Software\Chromium to set usagestats; result: 5
[17128:3500:0206/154323.012:WARNING:account_consistency_mode_manager.cc(77)] Desktop Identity Consistency cannot be enabled as no OAuth client ID and client secret have been configured.
[17128:3500:0206/154328.368:WARNING:external_registry_loader_win.cc(232)] Error observing HKLM: 5
[14836:9148:0206/154329.833:WARNING:frame_impl.cc(430)] virtual CefFrameImpl::SendProcessMessage sent to detached frame 5-3B008354D4D87478715BBFCEA11BB2CD will be ignored
[17128:7080:0206/154330.370:WARNING:browser_info.cc(345)] Returning a speculative frame for [7,9]
[17128:3500:0206/154330.528:WARNING:browser_info.cc(345)] Returning a speculative frame for [9,9]
[17128:3500:0206/154330.528:WARNING:browser_info.cc(345)] Returning a speculative frame for [9,9]
[17128:3500:0206/154330.528:WARNING:browser_info.cc(345)] Returning a speculative frame for [9,9]
[17128:3500:0206/154330.528:WARNING:browser_info.cc(345)] Returning a speculative frame for [9,9]
[17128:7080:0206/154330.534:WARNING:browser_info.cc(345)] Returning a speculative frame for [9,9]
[27456:2096:0206/154542.261:ERROR:shared_image_manager.cc(224)] SharedImageManager::ProduceSkia: Trying to Produce a Skia representation from a non-existent mailbox.
[27456:2096:0206/154542.261:ERROR:shared_image_manager.cc(224)] SharedImageManager::ProduceSkia: Trying to Produce a Skia representation from a non-existent mailbox.
[17128:3500:0206/155659.412:WARNING:pref_notifier_impl.cc(41)] Pref observer for media_router.cast_allow_all_ips found at shutdown.
=======
[15628:16120:0207/181034.838:WARNING:chrome_main_delegate.cc(745)] This is Chrome version 128.0.6613.138 (not a warning)
[15628:16120:0207/181034.855:ERROR:os_crypt_win.cc(100)] Failed to decrypt: Key not valid for use in specified state. (0x8009000B)
[15628:26732:0207/181034.895:ERROR:google_update_settings.cc(265)] Failed opening key Software\Chromium to set usagestats; result: 5
[15628:16120:0207/181034.919:WARNING:account_consistency_mode_manager.cc(77)] Desktop Identity Consistency cannot be enabled as no OAuth client ID and client secret have been configured.
[15628:16120:0207/181037.258:WARNING:external_registry_loader_win.cc(232)] Error observing HKLM: 5
[15628:20240:0207/181037.260:WARNING:leveldb_database.cc(141)] Unable to open C:\Users\Mason\Desktop\Github\Bonegrown\Bonegrown\Saved\webcache_6613\Default\shared_proto_db\metadata: IO error: C:\Users\Mason\Desktop\Github\Bonegrown\Bonegrown\Saved\webcache_6613\Default\shared_proto_db\metadata/MANIFEST-000001: Unable to create sequential file (ChromeMethodBFE: 7::NewSequentialFile::1)
[15628:20240:0207/181037.261:WARNING:leveldb_database.cc(141)] Unable to open C:\Users\Mason\Desktop\Github\Bonegrown\Bonegrown\Saved\webcache_6613\Default\shared_proto_db\metadata: IO error: C:\Users\Mason\Desktop\Github\Bonegrown\Bonegrown\Saved\webcache_6613\Default\shared_proto_db\metadata/MANIFEST-000001: Unable to create sequential file (ChromeMethodBFE: 7::NewSequentialFile::1)
[15628:20240:0207/181037.263:WARNING:leveldb_database.cc(141)] Unable to open C:\Users\Mason\Desktop\Github\Bonegrown\Bonegrown\Saved\webcache_6613\Default\shared_proto_db\metadata: IO error: C:\Users\Mason\Desktop\Github\Bonegrown\Bonegrown\Saved\webcache_6613\Default\shared_proto_db\metadata/MANIFEST-000001: Unable to create sequential file (ChromeMethodBFE: 7::NewSequentialFile::1)
[15628:20240:0207/181037.265:WARNING:leveldb_database.cc(141)] Unable to open C:\Users\Mason\Desktop\Github\Bonegrown\Bonegrown\Saved\webcache_6613\Default\shared_proto_db\metadata: IO error: C:\Users\Mason\Desktop\Github\Bonegrown\Bonegrown\Saved\webcache_6613\Default\shared_proto_db\metadata/MANIFEST-000001: Unable to create sequential file (ChromeMethodBFE: 7::NewSequentialFile::1)
[15628:20240:0207/181037.931:WARNING:value_store_frontend.cc(47)] Reading ahfgeienlihckogmohjhadlkjgocpleb.alarms from  failed: IO error: .../MANIFEST-000001: Unable to create sequential file (ChromeMethodBFE: 7::NewSequentialFile::1)
[15628:20240:0207/181037.932:WARNING:value_store_frontend.cc(47)] Reading mhjfbmdgcfjbbpaeojofohoefgiehjai.alarms from  failed: IO error: .../MANIFEST-000001: Unable to create sequential file (ChromeMethodBFE: 7::NewSequentialFile::1)
[14528:26076:0207/181038.217:WARNING:frame_impl.cc(430)] virtual CefFrameImpl::SendProcessMessage sent to detached frame 5-9C97BF7CD1BAF66AF80A8BE1873295E7 will be ignored
[15628:25008:0207/181038.797:WARNING:browser_info.cc(345)] Returning a speculative frame for [8,9]
[15628:16120:0207/181038.915:WARNING:browser_info.cc(345)] Returning a speculative frame for [9,9]
[15628:16120:0207/181038.915:WARNING:browser_info.cc(345)] Returning a speculative frame for [9,9]
[15628:16120:0207/181038.915:WARNING:browser_info.cc(345)] Returning a speculative frame for [9,9]
[15628:16120:0207/181038.915:WARNING:browser_info.cc(345)] Returning a speculative frame for [9,9]
[15628:25008:0207/181038.919:WARNING:browser_info.cc(345)] Returning a speculative frame for [9,9]
[15628:3876:0207/181040.385:WARNING:leveldb_database.cc(141)] Unable to open C:\Users\Mason\Desktop\Github\Bonegrown\Bonegrown\Saved\webcache_6613\Default\GCM Store\Encryption: IO error: C:\Users\Mason\Desktop\Github\Bonegrown\Bonegrown\Saved\webcache_6613\Default\GCM Store\Encryption/MANIFEST-000001: Unable to create sequential file (ChromeMethodBFE: 7::NewSequentialFile::1)
[15628:16120:0207/185206.781:ERROR:device_event_log_impl.cc(196)] [18:52:06.550] USB: usb_service_win.cc:105 SetupDiGetDeviceProperty({{A45C254E-DF1C-4EFD-8020-67D146A850E0}, 6}) failed: Element not found. (0x490)
[15628:16120:0207/185208.499:ERROR:device_event_log_impl.cc(196)] [18:52:08.165] USB: usb_service_win.cc:105 SetupDiGetDeviceProperty({{A45C254E-DF1C-4EFD-8020-67D146A850E0}, 6}) failed: Element not found. (0x490)
[15628:16120:0207/191157.484:WARNING:pref_notifier_impl.cc(41)] Pref observer for media_router.cast_allow_all_ips found at shutdown.
>>>>>>> Mason_Branch
